[09:38:40] [main/INFO] (LaunchWrapper) Loading tweak class name net.minecraftforge.fml.common.launcher.FMLTweaker
[09:38:40] [main/INFO] (LaunchWrapper) Using primary tweak class name net.minecraftforge.fml.common.launcher.FMLTweaker
[09:38:40] [main/INFO] (LaunchWrapper) Calling tweak class net.minecraftforge.fml.common.launcher.FMLTweaker
[09:38:40] [main/INFO] (FML) Forge Mod Loader version 11.15.1.2318 for Minecraft 1.8.9 loading
[09:38:40] [main/INFO] (FML) Java is OpenJDK 64-Bit Server VM, version 1.8.0_492, running on Windows 11:amd64:10.0, installed at C:\Users\kopec\.gradle\jdks\temurin-8-amd64-windows\jdk8u492-b09\jre
[09:38:40] [main/INFO] (FML) Managed to load a deobfuscated Minecraft name- we are in a deobfuscated environment. Skipping runtime deobfuscation
[09:38:40] [main/WARN] (FML) The coremod me.djtheredstoner.devauth.forge.legacy.DevAuthLoadingPlugin does not have a MCVersion annotation, it may cause issues with this version of Minecraft
[09:38:40] [main/INFO] (LaunchWrapper) Loading tweak class name net.minecraftforge.fml.common.launcher.FMLInjectionAndSortingTweaker
[09:38:40] [main/INFO] (LaunchWrapper) Loading tweak class name net.minecraftforge.fml.common.launcher.FMLDeobfTweaker
[09:38:40] [main/INFO] (LaunchWrapper) Calling tweak class net.minecraftforge.fml.common.launcher.FMLInjectionAndSortingTweaker
[09:38:40] [main/INFO] (LaunchWrapper) Calling tweak class net.minecraftforge.fml.common.launcher.FMLInjectionAndSortingTweaker
[09:38:40] [main/INFO] (LaunchWrapper) Calling tweak class net.minecraftforge.fml.relauncher.CoreModManager$FMLPluginWrapper
[09:38:40] [main/ERROR] (FML) The binary patch set is missing. Either you are in a development environment, or things are not going to work!
[09:38:41] [main/ERROR] (FML) FML appears to be missing any signature data. This is not a good thing
[09:38:41] [main/INFO] (LaunchWrapper) Calling tweak class net.minecraftforge.fml.relauncher.CoreModManager$FMLPluginWrapper
[09:38:41] [main/INFO] (LaunchWrapper) Calling tweak class net.minecraftforge.fml.relauncher.CoreModManager$FMLPluginWrapper
[09:38:41] [main/INFO] (LaunchWrapper) Calling tweak class net.minecraftforge.fml.common.launcher.FMLDeobfTweaker
[09:38:41] [main/INFO] (LaunchWrapper) Loading tweak class name net.minecraftforge.fml.common.launcher.TerminalTweaker
[09:38:41] [main/INFO] (LaunchWrapper) Calling tweak class net.minecraftforge.fml.common.launcher.TerminalTweaker
[09:38:41] [main/INFO] (LaunchWrapper) Launching wrapped minecraft {net.minecraft.client.main.Main}
[09:38:41] [main/INFO] (DevAuth) DevAuth disabled, not logging in!
[09:38:42] [main/INFO] (Minecraft) Setting user: Player875
[09:38:43] [main/INFO] (Minecraft) LWJGL Version: 2.9.4
[09:38:44] [main/WARN] (FML) =============================================================
[09:38:44] [main/WARN] (FML) MOD HAS DIRECT REFERENCE System.exit() THIS IS NOT ALLOWED REROUTING TO FML!
[09:38:44] [main/WARN] (FML) Offendor: com/sun/jna/Native.main([Ljava/lang/String;)V
[09:38:44] [main/WARN] (FML) Use FMLCommonHandler.exitJava instead
[09:38:44] [main/WARN] (FML) =============================================================
[09:38:44] [main/INFO] (FML) Could not load splash.properties, will create a default one
[09:38:44] [main/INFO] (STDOUT) [net.minecraftforge.fml.client.SplashProgress:start:246]: ---- Minecraft Crash Report ----
// You're mean.

Time: 6/13/26 9:38 AM
Description: Loading screen debug info

This is just a prompt for computer specs to be printed. THIS IS NOT A ERROR


A detailed walkthrough of the error, its code path and all known details is as follows:
---------------------------------------------------------------------------------------

-- System Details --
Details:
	Minecraft Version: 1.8.9
	Operating System: Windows 11 (amd64) version 10.0
	Java Version: 1.8.0_492, Temurin
	Java VM Version: OpenJDK 64-Bit Server VM (mixed mode), Temurin
	Memory: 433205304 bytes (413 MB) / 601358336 bytes (573 MB) up to 7562854400 bytes (7212 MB)
	JVM Flags: 0 total; 
	IntCache: cache: 0, tcache: 0, allocated: 0, tallocated: 0
	FML: 
	Loaded coremods (and transformers): 
DevAuthLoadingPlugin (DevAuth-forge-legacy-1.2.1.jar)
  me.djtheredstoner.devauth.forge.legacy.ClassTransformer
	GL info: ' Vendor: 'NVIDIA Corporation' Version: '4.6.0 NVIDIA 591.86' Renderer: 'NVIDIA GeForce RTX 4060 Ti/PCIe/SSE2'
[09:38:44] [main/INFO] (FML) MinecraftForge v11.15.1.2318 Initialized
[09:38:44] [main/INFO] (FML) Replaced 229 ore recipies
[09:38:45] [main/INFO] (FML) Found 0 mods from the command line. Injecting into mod discoverer
[09:38:45] [main/INFO] (FML) Searching C:\Users\kopec\Development\ML\Minecraft Computer Vision\run-client1\mods for mods
[09:38:45] [main/WARN] (minesightcollector) Mod minesightcollector is missing the required element 'version' and a version.properties file could not be found. Falling back to metadata version 0.12.0
[09:38:45] [main/WARN] (minesightcore) Mod minesightcore is missing the required element 'version' and a version.properties file could not be found. Falling back to metadata version 0.12.0
[09:38:45] [main/WARN] (minesightcore) Mod minesightcore is missing the required element 'version' and a version.properties file could not be found. Falling back to metadata version 0.12.0
[09:38:45] [main/ERROR] (FML) Unable to read a class file correctly
java.lang.IllegalArgumentException: null
	at org.objectweb.asm.ClassReader.<init>(ClassReader.java:170) ~[asm-debug-all-5.0.3.jar:5.0.3]
	at org.objectweb.asm.ClassReader.<init>(ClassReader.java:153) ~[asm-debug-all-5.0.3.jar:5.0.3]
	at org.objectweb.asm.ClassReader.<init>(ClassReader.java:424) ~[asm-debug-all-5.0.3.jar:5.0.3]
	at net.minecraftforge.fml.common.discovery.asm.ASMModParser.<init>(ASMModParser.java:52) [ASMModParser.class:?]
	at net.minecraftforge.fml.common.discovery.JarDiscoverer.discover(JarDiscoverer.java:69) [JarDiscoverer.class:?]
	at net.minecraftforge.fml.common.discovery.ContainerType.findMods(ContainerType.java:42) [ContainerType.class:?]
	at net.minecraftforge.fml.common.discovery.ModCandidate.explore(ModCandidate.java:71) [ModCandidate.class:?]
	at net.minecraftforge.fml.common.discovery.ModDiscoverer.identifyMods(ModDiscoverer.java:134) [ModDiscoverer.class:?]
	at net.minecraftforge.fml.common.Loader.identifyMods(Loader.java:363) [Loader.class:?]
	at net.minecraftforge.fml.common.Loader.loadMods(Loader.java:488) [Loader.class:?]
	at net.minecraftforge.fml.client.FMLClientHandler.beginMinecraftLoading(FMLClientHandler.java:208) [FMLClientHandler.class:?]
	at net.minecraft.client.Minecraft.startGame(Minecraft.java:417) [Minecraft.class:?]
	at net.minecraft.client.Minecraft.run(Minecraft.java:329) [Minecraft.class:?]
	at net.minecraft.client.main.Main.main(Main.java:124) [Main.class:?]
	at sun.reflect.NativeMethodAccessorImpl.invoke0(Native Method) ~[?:1.8.0_492]
	at sun.reflect.NativeMethodAccessorImpl.invoke(NativeMethodAccessorImpl.java:62) ~[?:1.8.0_492]
	at sun.reflect.DelegatingMethodAccessorImpl.invoke(DelegatingMethodAccessorImpl.java:43) ~[?:1.8.0_492]
	at java.lang.reflect.Method.invoke(Method.java:498) ~[?:1.8.0_492]
	at net.minecraft.launchwrapper.Launch.launch(Launch.java:135) [launchwrapper-1.12.jar:?]
	at net.minecraft.launchwrapper.Launch.main(Launch.java:28) [launchwrapper-1.12.jar:?]
	at net.fabricmc.devlaunchinjector.Main.main(Main.java:86) [dev-launch-injector-0.2.1+build.8.jar:?]
[09:38:45] [main/ERROR] (FML) There was a problem reading the entry META-INF/versions/9/module-info.class in the jar C:\Users\kopec\.gradle\caches\modules-2\files-2.1\org.java-websocket\Java-WebSocket\1.5.7\ae98d3490567504af347bd6b24f4a0a520f24cc4\Java-WebSocket-1.5.7.jar - probably a corrupt zip
net.minecraftforge.fml.common.LoaderException: java.lang.IllegalArgumentException

	at net.minecraftforge.fml.common.discovery.asm.ASMModParser.<init>(ASMModParser.java:58) ~[ASMModParser.class:?]
	at net.minecraftforge.fml.common.discovery.JarDiscoverer.discover(JarDiscoverer.java:69) [JarDiscoverer.class:?]
	at net.minecraftforge.fml.common.discovery.ContainerType.findMods(ContainerType.java:42) [ContainerType.class:?]
	at net.minecraftforge.fml.common.discovery.ModCandidate.explore(ModCandidate.java:71) [ModCandidate.class:?]
	at net.minecraftforge.fml.common.discovery.ModDiscoverer.identifyMods(ModDiscoverer.java:134) [ModDiscoverer.class:?]
	at net.minecraftforge.fml.common.Loader.identifyMods(Loader.java:363) [Loader.class:?]
	at net.minecraftforge.fml.common.Loader.loadMods(Loader.java:488) [Loader.class:?]
	at net.minecraftforge.fml.client.FMLClientHandler.beginMinecraftLoading(FMLClientHandler.java:208) [FMLClientHandler.class:?]
	at net.minecraft.client.Minecraft.startGame(Minecraft.java:417) [Minecraft.class:?]
	at net.minecraft.client.Minecraft.run(Minecraft.java:329) [Minecraft.class:?]
	at net.minecraft.client.main.Main.main(Main.java:124) [Main.class:?]
	at sun.reflect.NativeMethodAccessorImpl.invoke0(Native Method) ~[?:1.8.0_492]
	at sun.reflect.NativeMethodAccessorImpl.invoke(NativeMethodAccessorImpl.java:62) ~[?:1.8.0_492]
	at sun.reflect.DelegatingMethodAccessorImpl.invoke(DelegatingMethodAccessorImpl.java:43) ~[?:1.8.0_492]
	at java.lang.reflect.Method.invoke(Method.java:498) ~[?:1.8.0_492]
	at net.minecraft.launchwrapper.Launch.launch(Launch.java:135) [launchwrapper-1.12.jar:?]
	at net.minecraft.launchwrapper.Launch.main(Launch.java:28) [launchwrapper-1.12.jar:?]
	at net.fabricmc.devlaunchinjector.Main.main(Main.java:86) [dev-launch-injector-0.2.1+build.8.jar:?]
Caused by: java.lang.IllegalArgumentException
	at org.objectweb.asm.ClassReader.<init>(ClassReader.java:170) ~[asm-debug-all-5.0.3.jar:5.0.3]
	at org.objectweb.asm.ClassReader.<init>(ClassReader.java:153) ~[asm-debug-all-5.0.3.jar:5.0.3]
	at org.objectweb.asm.ClassReader.<init>(ClassReader.java:424) ~[asm-debug-all-5.0.3.jar:5.0.3]
	at net.minecraftforge.fml.common.discovery.asm.ASMModParser.<init>(ASMModParser.java:52) ~[ASMModParser.class:?]
	... 17 more
[09:38:45] [main/WARN] (FML) Zip file Java-WebSocket-1.5.7.jar failed to read properly, it will be ignored
net.minecraftforge.fml.common.LoaderException: java.lang.IllegalArgumentException

	at net.minecraftforge.fml.common.discovery.asm.ASMModParser.<init>(ASMModParser.java:58) ~[ASMModParser.class:?]
	at net.minecraftforge.fml.common.discovery.JarDiscoverer.discover(JarDiscoverer.java:69) [JarDiscoverer.class:?]
	at net.minecraftforge.fml.common.discovery.ContainerType.findMods(ContainerType.java:42) [ContainerType.class:?]
	at net.minecraftforge.fml.common.discovery.ModCandidate.explore(ModCandidate.java:71) [ModCandidate.class:?]
	at net.minecraftforge.fml.common.discovery.ModDiscoverer.identifyMods(ModDiscoverer.java:134) [ModDiscoverer.class:?]
	at net.minecraftforge.fml.common.Loader.identifyMods(Loader.java:363) [Loader.class:?]
	at net.minecraftforge.fml.common.Loader.loadMods(Loader.java:488) [Loader.class:?]
	at net.minecraftforge.fml.client.FMLClientHandler.beginMinecraftLoading(FMLClientHandler.java:208) [FMLClientHandler.class:?]
	at net.minecraft.client.Minecraft.startGame(Minecraft.java:417) [Minecraft.class:?]
	at net.minecraft.client.Minecraft.run(Minecraft.java:329) [Minecraft.class:?]
	at net.minecraft.client.main.Main.main(Main.java:124) [Main.class:?]
	at sun.reflect.NativeMethodAccessorImpl.invoke0(Native Method) ~[?:1.8.0_492]
	at sun.reflect.NativeMethodAccessorImpl.invoke(NativeMethodAccessorImpl.java:62) ~[?:1.8.0_492]
	at sun.reflect.DelegatingMethodAccessorImpl.invoke(DelegatingMethodAccessorImpl.java:43) ~[?:1.8.0_492]
	at java.lang.reflect.Method.invoke(Method.java:498) ~[?:1.8.0_492]
	at net.minecraft.launchwrapper.Launch.launch(Launch.java:135) [launchwrapper-1.12.jar:?]
	at net.minecraft.launchwrapper.Launch.main(Launch.java:28) [launchwrapper-1.12.jar:?]
	at net.fabricmc.devlaunchinjector.Main.main(Main.java:86) [dev-launch-injector-0.2.1+build.8.jar:?]
Caused by: java.lang.IllegalArgumentException
	at org.objectweb.asm.ClassReader.<init>(ClassReader.java:170) ~[asm-debug-all-5.0.3.jar:5.0.3]
	at org.objectweb.asm.ClassReader.<init>(ClassReader.java:153) ~[asm-debug-all-5.0.3.jar:5.0.3]
	at org.objectweb.asm.ClassReader.<init>(ClassReader.java:424) ~[asm-debug-all-5.0.3.jar:5.0.3]
	at net.minecraftforge.fml.common.discovery.asm.ASMModParser.<init>(ASMModParser.java:52) ~[ASMModParser.class:?]
	... 17 more
[09:38:45] [main/ERROR] (FML) Unable to read a class file correctly
java.lang.IllegalArgumentException: null
	at org.objectweb.asm.ClassReader.<init>(ClassReader.java:170) ~[asm-debug-all-5.0.3.jar:5.0.3]
	at org.objectweb.asm.ClassReader.<init>(ClassReader.java:153) ~[asm-debug-all-5.0.3.jar:5.0.3]
	at org.objectweb.asm.ClassReader.<init>(ClassReader.java:424) ~[asm-debug-all-5.0.3.jar:5.0.3]
	at net.minecraftforge.fml.common.discovery.asm.ASMModParser.<init>(ASMModParser.java:52) [ASMModParser.class:?]
	at net.minecraftforge.fml.common.discovery.JarDiscoverer.discover(JarDiscoverer.java:69) [JarDiscoverer.class:?]
	at net.minecraftforge.fml.common.discovery.ContainerType.findMods(ContainerType.java:42) [ContainerType.class:?]
	at net.minecraftforge.fml.common.discovery.ModCandidate.explore(ModCandidate.java:71) [ModCandidate.class:?]
	at net.minecraftforge.fml.common.discovery.ModDiscoverer.identifyMods(ModDiscoverer.java:134) [ModDiscoverer.class:?]
	at net.minecraftforge.fml.common.Loader.identifyMods(Loader.java:363) [Loader.class:?]
	at net.minecraftforge.fml.common.Loader.loadMods(Loader.java:488) [Loader.class:?]
	at net.minecraftforge.fml.client.FMLClientHandler.beginMinecraftLoading(FMLClientHandler.java:208) [FMLClientHandler.class:?]
	at net.minecraft.client.Minecraft.startGame(Minecraft.java:417) [Minecraft.class:?]
	at net.minecraft.client.Minecraft.run(Minecraft.java:329) [Minecraft.class:?]
	at net.minecraft.client.main.Main.main(Main.java:124) [Main.class:?]
	at sun.reflect.NativeMethodAccessorImpl.invoke0(Native Method) ~[?:1.8.0_492]
	at sun.reflect.NativeMethodAccessorImpl.invoke(NativeMethodAccessorImpl.java:62) ~[?:1.8.0_492]
	at sun.reflect.DelegatingMethodAccessorImpl.invoke(DelegatingMethodAccessorImpl.java:43) ~[?:1.8.0_492]
	at java.lang.reflect.Method.invoke(Method.java:498) ~[?:1.8.0_492]
	at net.minecraft.launchwrapper.Launch.launch(Launch.java:135) [launchwrapper-1.12.jar:?]
	at net.minecraft.launchwrapper.Launch.main(Launch.java:28) [launchwrapper-1.12.jar:?]
	at net.fabricmc.devlaunchinjector.Main.main(Main.java:86) [dev-launch-injector-0.2.1+build.8.jar:?]
[09:38:45] [main/ERROR] (FML) There was a problem reading the entry META-INF/versions/9/module-info.class in the jar C:\Users\kopec\.gradle\caches\modules-2\files-2.1\org.slf4j\slf4j-api\2.0.6\88c40d8b4f33326f19a7d3c0aaf2c7e8721d4953\slf4j-api-2.0.6.jar - probably a corrupt zip
net.minecraftforge.fml.common.LoaderException: java.lang.IllegalArgumentException

	at net.minecraftforge.fml.common.discovery.asm.ASMModParser.<init>(ASMModParser.java:58) ~[ASMModParser.class:?]
	at net.minecraftforge.fml.common.discovery.JarDiscoverer.discover(JarDiscoverer.java:69) [JarDiscoverer.class:?]
	at net.minecraftforge.fml.common.discovery.ContainerType.findMods(ContainerType.java:42) [ContainerType.class:?]
	at net.minecraftforge.fml.common.discovery.ModCandidate.explore(ModCandidate.java:71) [ModCandidate.class:?]
	at net.minecraftforge.fml.common.discovery.ModDiscoverer.identifyMods(ModDiscoverer.java:134) [ModDiscoverer.class:?]
	at net.minecraftforge.fml.common.Loader.identifyMods(Loader.java:363) [Loader.class:?]
	at net.minecraftforge.fml.common.Loader.loadMods(Loader.java:488) [Loader.class:?]
	at net.minecraftforge.fml.client.FMLClientHandler.beginMinecraftLoading(FMLClientHandler.java:208) [FMLClientHandler.class:?]
	at net.minecraft.client.Minecraft.startGame(Minecraft.java:417) [Minecraft.class:?]
	at net.minecraft.client.Minecraft.run(Minecraft.java:329) [Minecraft.class:?]
	at net.minecraft.client.main.Main.main(Main.java:124) [Main.class:?]
	at sun.reflect.NativeMethodAccessorImpl.invoke0(Native Method) ~[?:1.8.0_492]
	at sun.reflect.NativeMethodAccessorImpl.invoke(NativeMethodAccessorImpl.java:62) ~[?:1.8.0_492]
	at sun.reflect.DelegatingMethodAccessorImpl.invoke(DelegatingMethodAccessorImpl.java:43) ~[?:1.8.0_492]
	at java.lang.reflect.Method.invoke(Method.java:498) ~[?:1.8.0_492]
	at net.minecraft.launchwrapper.Launch.launch(Launch.java:135) [launchwrapper-1.12.jar:?]
	at net.minecraft.launchwrapper.Launch.main(Launch.java:28) [launchwrapper-1.12.jar:?]
	at net.fabricmc.devlaunchinjector.Main.main(Main.java:86) [dev-launch-injector-0.2.1+build.8.jar:?]
Caused by: java.lang.IllegalArgumentException
	at org.objectweb.asm.ClassReader.<init>(ClassReader.java:170) ~[asm-debug-all-5.0.3.jar:5.0.3]
	at org.objectweb.asm.ClassReader.<init>(ClassReader.java:153) ~[asm-debug-all-5.0.3.jar:5.0.3]
	at org.objectweb.asm.ClassReader.<init>(ClassReader.java:424) ~[asm-debug-all-5.0.3.jar:5.0.3]
	at net.minecraftforge.fml.common.discovery.asm.ASMModParser.<init>(ASMModParser.java:52) ~[ASMModParser.class:?]
	... 17 more
[09:38:45] [main/WARN] (FML) Zip file slf4j-api-2.0.6.jar failed to read properly, it will be ignored
net.minecraftforge.fml.common.LoaderException: java.lang.IllegalArgumentException

	at net.minecraftforge.fml.common.discovery.asm.ASMModParser.<init>(ASMModParser.java:58) ~[ASMModParser.class:?]
	at net.minecraftforge.fml.common.discovery.JarDiscoverer.discover(JarDiscoverer.java:69) [JarDiscoverer.class:?]
	at net.minecraftforge.fml.common.discovery.ContainerType.findMods(ContainerType.java:42) [ContainerType.class:?]
	at net.minecraftforge.fml.common.discovery.ModCandidate.explore(ModCandidate.java:71) [ModCandidate.class:?]
	at net.minecraftforge.fml.common.discovery.ModDiscoverer.identifyMods(ModDiscoverer.java:134) [ModDiscoverer.class:?]
	at net.minecraftforge.fml.common.Loader.identifyMods(Loader.java:363) [Loader.class:?]
	at net.minecraftforge.fml.common.Loader.loadMods(Loader.java:488) [Loader.class:?]
	at net.minecraftforge.fml.client.FMLClientHandler.beginMinecraftLoading(FMLClientHandler.java:208) [FMLClientHandler.class:?]
	at net.minecraft.client.Minecraft.startGame(Minecraft.java:417) [Minecraft.class:?]
	at net.minecraft.client.Minecraft.run(Minecraft.java:329) [Minecraft.class:?]
	at net.minecraft.client.main.Main.main(Main.java:124) [Main.class:?]
	at sun.reflect.NativeMethodAccessorImpl.invoke0(Native Method) ~[?:1.8.0_492]
	at sun.reflect.NativeMethodAccessorImpl.invoke(NativeMethodAccessorImpl.java:62) ~[?:1.8.0_492]
	at sun.reflect.DelegatingMethodAccessorImpl.invoke(DelegatingMethodAccessorImpl.java:43) ~[?:1.8.0_492]
	at java.lang.reflect.Method.invoke(Method.java:498) ~[?:1.8.0_492]
	at net.minecraft.launchwrapper.Launch.launch(Launch.java:135) [launchwrapper-1.12.jar:?]
	at net.minecraft.launchwrapper.Launch.main(Launch.java:28) [launchwrapper-1.12.jar:?]
	at net.fabricmc.devlaunchinjector.Main.main(Main.java:86) [dev-launch-injector-0.2.1+build.8.jar:?]
Caused by: java.lang.IllegalArgumentException
	at org.objectweb.asm.ClassReader.<init>(ClassReader.java:170) ~[asm-debug-all-5.0.3.jar:5.0.3]
	at org.objectweb.asm.ClassReader.<init>(ClassReader.java:153) ~[asm-debug-all-5.0.3.jar:5.0.3]
	at org.objectweb.asm.ClassReader.<init>(ClassReader.java:424) ~[asm-debug-all-5.0.3.jar:5.0.3]
	at net.minecraftforge.fml.common.discovery.asm.ASMModParser.<init>(ASMModParser.java:52) ~[ASMModParser.class:?]
	... 17 more
[09:38:46] [main/ERROR] (FML) Found a duplicate mod minesightcore at [C:\Users\kopec\Development\ML\Minecraft Computer Vision\mod\core\build\libs\minesightcore-0.12.0.jar, C:\Users\kopec\Development\ML\Minecraft Computer Vision\mod\core\build\intermediates\minesightcore-0.12.0-without-deps.jar]
[09:38:46] [main/INFO] (Minecraft) Reloading ResourceManager: Default
[09:38:46] [main/WARN] (FML) There were errors previously. Not beginning mod initialization phase
[09:38:46] [main/INFO] (STDOUT) [tv.twitch.StandardCoreAPI:<init>:16]: If on Windows, make sure to provide all of the necessary dll's as specified in the twitchsdk README. Also, make sure to set the PATH environment variable to point to the directory containing the dll's.
[09:38:46] [main/ERROR] (Minecraft) Couldn't initialize twitch stream
[09:38:46] [Sound Library Loader/INFO] (Minecraft) Starting up SoundSystem...
[09:38:46] [Thread-6/INFO] (Minecraft) Initializing LWJGL OpenAL
[09:38:46] [Thread-6/INFO] (Minecraft) (The LWJGL binding of OpenAL.  For more information, see http://www.lwjgl.org)
[09:38:46] [Thread-6/INFO] (Minecraft) OpenAL initialized.
[09:38:46] [Sound Library Loader/INFO] (Minecraft) Sound engine started
[09:38:53] [main/INFO] (FML) Max texture size: 16384
[09:38:53] [main/INFO] (Minecraft) Created: 16x16 textures-atlas
[09:38:54] [Realms Notification Availability checker #1/ERROR] (Minecraft) Could not parse RealmsError: com.google.gson.stream.MalformedJsonException: Use JsonReader.setLenient(true) to accept malformed JSON at line 1 column 12
[09:38:54] [Realms Notification Availability checker #1/ERROR] (Minecraft) Realms http code: 404 -  error code: 0 -  message: null
